<?xml version="1.0" encoding="UTF-8"?>
<!-- Generated by org.testng.reporters.JUnitXMLReporter -->
<testsuite ignored="0" hostname="DESKTOP-O2LSTLN" failures="0" tests="8" name="FirefoxTest" time="7.64" errors="0" timestamp="2022-03-15T19:10:08 IST">
  <testcase classname="actiTime.SecondHeader" name="@BeforeTest launchBrowser" time="7.52">
    <failure type="org.openqa.selenium.WebDriverException" message="Process unexpectedly closed with status 0
Build info: version: &amp;apos;3.141.59&amp;apos;, revision: &amp;apos;e82be7d358&amp;apos;, time: &amp;apos;2018-11-14T08:17:03&amp;apos;
System info: host: &amp;apos;DESKTOP-O2LSTLN&amp;apos;, ip: &amp;apos;192.168.161.136&amp;apos;, os.name: &amp;apos;Windows 10&amp;apos;, os.arch: &amp;apos;amd64&amp;apos;, os.version: &amp;apos;10.0&amp;apos;, java.version: &amp;apos;17.0.1&amp;apos;
Driver info: driver.version: FirefoxDriver
remote stacktrace: ">
      <![CDATA[org.openqa.selenium.WebDriverException: Process unexpectedly closed with status 0
Build info: version: '3.141.59', revision: 'e82be7d358', time: '2018-11-14T08:17:03'
System info: host: 'DESKTOP-O2LSTLN', ip: '192.168.161.136', os.name: 'Windows 10', os.arch: 'amd64', os.version: '10.0', java.version: '17.0.1'
Driver info: driver.version: FirefoxDriver
remote stacktrace: 
at org.openqa.selenium.remote.W3CHandshakeResponse.lambda$errorHandler$0(W3CHandshakeResponse.java:62)
at org.openqa.selenium.remote.HandshakeResponse.lambda$getResponseFunction$0(HandshakeResponse.java:30)
at org.openqa.selenium.remote.ProtocolHandshake.lambda$createSession$0(ProtocolHandshake.java:126)
at java.base/java.util.stream.ReferencePipeline$3$1.accept(ReferencePipeline.java:197)
at java.base/java.util.Spliterators$ArraySpliterator.tryAdvance(Spliterators.java:1002)
at java.base/java.util.stream.ReferencePipeline.forEachWithCancel(ReferencePipeline.java:129)
at java.base/java.util.stream.AbstractPipeline.copyIntoWithCancel(AbstractPipeline.java:527)
at java.base/java.util.stream.AbstractPipeline.copyInto(AbstractPipeline.java:513)
at java.base/java.util.stream.AbstractPipeline.wrapAndCopyInto(AbstractPipeline.java:499)
at java.base/java.util.stream.FindOps$FindOp.evaluateSequential(FindOps.java:150)
at java.base/java.util.stream.AbstractPipeline.evaluate(AbstractPipeline.java:234)
at java.base/java.util.stream.ReferencePipeline.findFirst(ReferencePipeline.java:647)
at org.openqa.selenium.remote.ProtocolHandshake.createSession(ProtocolHandshake.java:128)
at org.openqa.selenium.remote.ProtocolHandshake.createSession(ProtocolHandshake.java:74)
at org.openqa.selenium.remote.HttpCommandExecutor.execute(HttpCommandExecutor.java:136)
at org.openqa.selenium.remote.service.DriverCommandExecutor.execute(DriverCommandExecutor.java:83)
at org.openqa.selenium.remote.RemoteWebDriver.execute(RemoteWebDriver.java:552)
at org.openqa.selenium.remote.RemoteWebDriver.startSession(RemoteWebDriver.java:213)
at org.openqa.selenium.remote.RemoteWebDriver.<init>(RemoteWebDriver.java:131)
at org.openqa.selenium.firefox.FirefoxDriver.<init>(FirefoxDriver.java:147)
at org.openqa.selenium.firefox.FirefoxDriver.<init>(FirefoxDriver.java:125)
at base.Pojo.launchFirefoxBrowser(Pojo.java:17)
at actiTime.SecondHeader.launchBrowser(SecondHeader.java:63)
... Removed 29 stack frames]]>
    </failure>
  </testcase> <!-- @BeforeTest launchBrowser -->
  <testcase classname="actiTime.Verify_All_header" name="@BeforeTest launchBrowser" time="-1.647351607944E9">
    <skipped/>
  </testcase> <!-- @BeforeTest launchBrowser -->
  <testcase classname="actiTime.SecondHeader" name="@BeforeClass object" time="-1.647351607947E9">
    <skipped/>
  </testcase> <!-- @BeforeClass object -->
  <testcase classname="actiTime.SecondHeader" name="@BeforeMethod loginApplication" time="-1.647351607951E9">
    <skipped/>
  </testcase> <!-- @BeforeMethod loginApplication -->
  <testcase classname="actiTime.Verify_All_header" name="@BeforeClass object" time="-1.647351607947E9">
    <skipped/>
  </testcase> <!-- @BeforeClass object -->
  <testcase classname="actiTime.Verify_All_header" name="@BeforeMethod loginApplication" time="-1.647351607959E9">
    <skipped/>
  </testcase> <!-- @BeforeMethod loginApplication -->
  <testcase classname="actiTime.SecondHeader" name="@AfterMethod logOut" time="-1.647351607964E9">
    <skipped/>
  </testcase> <!-- @AfterMethod logOut -->
  <testcase classname="actiTime.SecondHeader" name="@BeforeMethod loginApplication" time="-1.647351607968E9">
    <skipped/>
  </testcase> <!-- @BeforeMethod loginApplication -->
  <testcase classname="actiTime.Verify_All_header" name="@AfterMethod logOut" time="-1.647351607971E9">
    <skipped/>
  </testcase> <!-- @AfterMethod logOut -->
  <testcase classname="actiTime.Verify_All_header" name="@BeforeMethod loginApplication" time="-1.647351607979E9">
    <skipped/>
  </testcase> <!-- @BeforeMethod loginApplication -->
  <testcase classname="actiTime.Verify_All_header" name="@AfterMethod logOut" time="-1.647351607989E9">
    <skipped/>
  </testcase> <!-- @AfterMethod logOut -->
  <testcase classname="actiTime.SecondHeader" name="@AfterMethod logOut" time="-1.64735160798E9">
    <skipped/>
  </testcase> <!-- @AfterMethod logOut -->
  <testcase classname="actiTime.SecondHeader" name="@BeforeMethod loginApplication" time="-1.647351607994E9">
    <skipped/>
  </testcase> <!-- @BeforeMethod loginApplication -->
  <testcase classname="actiTime.Verify_All_header" name="@BeforeMethod loginApplication" time="-1.647351607993E9">
    <skipped/>
  </testcase> <!-- @BeforeMethod loginApplication -->
  <testcase classname="actiTime.Verify_All_header" name="@AfterMethod logOut" time="-1.647351608001E9">
    <skipped/>
  </testcase> <!-- @AfterMethod logOut -->
  <testcase classname="actiTime.Verify_All_header" name="@BeforeMethod loginApplication" time="-1.647351608006E9">
    <skipped/>
  </testcase> <!-- @BeforeMethod loginApplication -->
  <testcase classname="actiTime.SecondHeader" name="@AfterMethod logOut" time="-1.647351608E9">
    <skipped/>
  </testcase> <!-- @AfterMethod logOut -->
  <testcase classname="actiTime.SecondHeader" name="@AfterClass deleteObject" time="-1.647351608009E9">
    <skipped/>
  </testcase> <!-- @AfterClass deleteObject -->
  <testcase classname="actiTime.Verify_All_header" name="@AfterMethod logOut" time="-1.647351608018E9">
    <skipped/>
  </testcase> <!-- @AfterMethod logOut -->
  <testcase classname="actiTime.Verify_All_header" name="@BeforeMethod loginApplication" time="-1.647351608029E9">
    <skipped/>
  </testcase> <!-- @BeforeMethod loginApplication -->
  <testcase classname="actiTime.Verify_All_header" name="@AfterMethod logOut" time="-1.647351608044E9">
    <skipped/>
  </testcase> <!-- @AfterMethod logOut -->
  <testcase classname="actiTime.Verify_All_header" name="@AfterClass deleteObject" time="-1.647351608046E9">
    <skipped/>
  </testcase> <!-- @AfterClass deleteObject -->
  <testcase classname="actiTime.SecondHeader" name="@AfterTest closeBrowser" time="-1.647351608051E9">
    <skipped/>
  </testcase> <!-- @AfterTest closeBrowser -->
  <testcase classname="actiTime.Verify_All_header" name="@AfterTest closeBrowser" time="-1.647351608055E9">
    <skipped/>
  </testcase> <!-- @AfterTest closeBrowser -->
  <testcase classname="actiTime.SecondHeader" name="verifyUserTab" time="0.0">
    <skipped/>
  </testcase> <!-- verifyUserTab -->
  <testcase classname="actiTime.Verify_All_header" name="verifyUserTab" time="0.0">
    <skipped/>
  </testcase> <!-- verifyUserTab -->
  <testcase classname="actiTime.SecondHeader" name="verifyReportButton" time="0.0">
    <skipped/>
  </testcase> <!-- verifyReportButton -->
  <testcase classname="actiTime.Verify_All_header" name="verifyReportButton" time="0.0">
    <skipped/>
  </testcase> <!-- verifyReportButton -->
  <testcase classname="actiTime.SecondHeader" name="verifyTaskButton" time="0.0">
    <skipped/>
  </testcase> <!-- verifyTaskButton -->
  <testcase classname="actiTime.Verify_All_header" name="verifyTaskButton" time="0.0">
    <skipped/>
  </testcase> <!-- verifyTaskButton -->
  <testcase classname="actiTime.Verify_All_header" name="verifyTimeTrack" time="0.0">
    <skipped/>
  </testcase> <!-- verifyTimeTrack -->
  <testcase classname="actiTime.Verify_All_header" name="verifyWorkscheduleButton" time="0.0">
    <skipped/>
  </testcase> <!-- verifyWorkscheduleButton -->
</testsuite> <!-- FirefoxTest -->
