<?xml version="1.0" encoding="UTF-8"?>
<!-- Generated by org.testng.reporters.JUnitReportReporter -->
<testsuite hostname="DESKTOP-O2LSTLN" failures="0" tests="11" name="actiTime.Verify_All_header" time="0.410" errors="1" timestamp="2022-03-15T19:10:08 IST" skipped="10">
  <testcase classname="actiTime.Verify_All_header" name="loginApplication" time="0.410">
    <error message="unknown error: cannot determine loading status
from disconnected: received Inspector.detached event
  (Session info: chrome=99.0.4844.51)
Build info: version: &#039;3.141.59&#039;, revision: &#039;e82be7d358&#039;, time: &#039;2018-11-14T08:17:03&#039;
System info: host: &#039;DESKTOP-O2LSTLN&#039;, ip: &#039;192.168.161.136&#039;, os.name: &#039;Windows 10&#039;, os.arch: &#039;amd64&#039;, os.version: &#039;10.0&#039;, java.version: &#039;17.0.1&#039;
Driver info: org.openqa.selenium.chrome.ChromeDriver
Capabilities {acceptInsecureCerts: false, browserName: chrome, browserVersion: 99.0.4844.51, chrome: {chromedriverVersion: 99.0.4844.51 (d537ec02474b5..., userDataDir: C:\Users\PRASAD\AppData\Loc...}, goog:chromeOptions: {debuggerAddress: localhost:56150}, javascriptEnabled: true, networkConnectionEnabled: false, pageLoadStrategy: normal, platform: WINDOWS, platformName: WINDOWS, proxy: Proxy(), setWindowRect: true, strictFileInteractability: false, timeouts: {implicit: 0, pageLoad: 300000, script: 30000}, unhandledPromptBehavior: dismiss and notify, webauthn:extension:credBlob: true, webauthn:extension:largeBlob: true, webauthn:virtualAuthenticators: true}
Session ID: c9b15c7639f32b11c9dc12247fdc8e93" type="org.openqa.selenium.WebDriverException">
      <![CDATA[org.openqa.selenium.WebDriverException: unknown error: cannot determine loading status
from disconnected: received Inspector.detached event
  (Session info: chrome=99.0.4844.51)
Build info: version: '3.141.59', revision: 'e82be7d358', time: '2018-11-14T08:17:03'
System info: host: 'DESKTOP-O2LSTLN', ip: '192.168.161.136', os.name: 'Windows 10', os.arch: 'amd64', os.version: '10.0', java.version: '17.0.1'
Driver info: org.openqa.selenium.chrome.ChromeDriver
Capabilities {acceptInsecureCerts: false, browserName: chrome, browserVersion: 99.0.4844.51, chrome: {chromedriverVersion: 99.0.4844.51 (d537ec02474b5..., userDataDir: C:\Users\PRASAD\AppData\Loc...}, goog:chromeOptions: {debuggerAddress: localhost:56150}, javascriptEnabled: true, networkConnectionEnabled: false, pageLoadStrategy: normal, platform: WINDOWS, platformName: WINDOWS, proxy: Proxy(), setWindowRect: true, strictFileInteractability: false, timeouts: {implicit: 0, pageLoad: 300000, script: 30000}, unhandledPromptBehavior: dismiss and notify, webauthn:extension:credBlob: true, webauthn:extension:largeBlob: true, webauthn:virtualAuthenticators: true}
Session ID: c9b15c7639f32b11c9dc12247fdc8e93
at java.base/jdk.internal.reflect.NativeConstructorAccessorImpl.newInstance0(Native Method)
at java.base/jdk.internal.reflect.NativeConstructorAccessorImpl.newInstance(NativeConstructorAccessorImpl.java:77)
at java.base/jdk.internal.reflect.DelegatingConstructorAccessorImpl.newInstance(DelegatingConstructorAccessorImpl.java:45)
at java.base/java.lang.reflect.Constructor.newInstanceWithCaller(Constructor.java:499)
at java.base/java.lang.reflect.Constructor.newInstance(Constructor.java:480)
at org.openqa.selenium.remote.http.W3CHttpResponseCodec.createException(W3CHttpResponseCodec.java:187)
at org.openqa.selenium.remote.http.W3CHttpResponseCodec.decode(W3CHttpResponseCodec.java:122)
at org.openqa.selenium.remote.http.W3CHttpResponseCodec.decode(W3CHttpResponseCodec.java:49)
at org.openqa.selenium.remote.HttpCommandExecutor.execute(HttpCommandExecutor.java:158)
at org.openqa.selenium.remote.service.DriverCommandExecutor.execute(DriverCommandExecutor.java:83)
at org.openqa.selenium.remote.RemoteWebDriver.execute(RemoteWebDriver.java:552)
at org.openqa.selenium.remote.RemoteWebDriver.get(RemoteWebDriver.java:277)
at actiTime.Verify_All_header.loginApplication(Verify_All_header.java:78)
at java.base/jdk.internal.reflect.NativeMethodAccessorImpl.invoke0(Native Method)
at java.base/jdk.internal.reflect.NativeMethodAccessorImpl.invoke(NativeMethodAccessorImpl.java:77)
at java.base/jdk.internal.reflect.DelegatingMethodAccessorImpl.invoke(DelegatingMethodAccessorImpl.java:43)
at java.base/java.lang.reflect.Method.invoke(Method.java:568)
at org.testng.internal.MethodInvocationHelper.invokeMethod(MethodInvocationHelper.java:133)
at org.testng.internal.MethodInvocationHelper.invokeMethodConsideringTimeout(MethodInvocationHelper.java:62)
at org.testng.internal.ConfigInvoker.invokeConfigurationMethod(ConfigInvoker.java:385)
at org.testng.internal.ConfigInvoker.invokeConfigurations(ConfigInvoker.java:321)
at org.testng.internal.TestInvoker.runConfigMethods(TestInvoker.java:700)
at org.testng.internal.TestInvoker.invokeMethod(TestInvoker.java:527)
at org.testng.internal.TestInvoker.invokeTestMethod(TestInvoker.java:173)
at org.testng.internal.MethodRunner.runInSequence(MethodRunner.java:46)
at org.testng.internal.TestInvoker$MethodInvocationAgent.invoke(TestInvoker.java:824)
at org.testng.internal.TestInvoker.invokeTestMethods(TestInvoker.java:146)
at org.testng.internal.TestMethodWorker.invokeTestMethods(TestMethodWorker.java:146)
at org.testng.internal.TestMethodWorker.run(TestMethodWorker.java:128)
at java.base/java.util.concurrent.ThreadPoolExecutor.runWorker(ThreadPoolExecutor.java:1136)
at java.base/java.util.concurrent.ThreadPoolExecutor$Worker.run(ThreadPoolExecutor.java:635)
at java.base/java.lang.Thread.run(Thread.java:833)
]]>
    </error>
  </testcase> <!-- loginApplication -->
  <system-out/>
  <testcase classname="actiTime.Verify_All_header" name="verifyUserTab" time="0.000">
    <skipped/>
  </testcase> <!-- verifyUserTab -->
  <system-out/>
  <testcase classname="actiTime.Verify_All_header" name="verifyUserTab" time="0.000">
    <skipped/>
  </testcase> <!-- verifyUserTab -->
  <system-out/>
  <testcase classname="actiTime.Verify_All_header" name="verifyReportButton" time="0.000">
    <skipped/>
  </testcase> <!-- verifyReportButton -->
  <system-out/>
  <testcase classname="actiTime.Verify_All_header" name="verifyReportButton" time="0.000">
    <skipped/>
  </testcase> <!-- verifyReportButton -->
  <system-out/>
  <testcase classname="actiTime.Verify_All_header" name="verifyTaskButton" time="0.000">
    <skipped/>
  </testcase> <!-- verifyTaskButton -->
  <system-out/>
  <testcase classname="actiTime.Verify_All_header" name="verifyTaskButton" time="0.000">
    <skipped/>
  </testcase> <!-- verifyTaskButton -->
  <system-out/>
  <testcase classname="actiTime.Verify_All_header" name="verifyTimeTrack" time="0.000">
    <skipped/>
  </testcase> <!-- verifyTimeTrack -->
  <system-out/>
  <testcase classname="actiTime.Verify_All_header" name="verifyTimeTrack" time="0.000">
    <skipped/>
  </testcase> <!-- verifyTimeTrack -->
  <system-out/>
  <testcase classname="actiTime.Verify_All_header" name="verifyWorkscheduleButton" time="0.000">
    <skipped/>
  </testcase> <!-- verifyWorkscheduleButton -->
  <system-out/>
  <testcase classname="actiTime.Verify_All_header" name="verifyWorkscheduleButton" time="0.000">
    <skipped/>
  </testcase> <!-- verifyWorkscheduleButton -->
  <system-out/>
</testsuite> <!-- actiTime.Verify_All_header -->
